
/home/runner/work/exp-plant-cells-genomes-iitkgp/exp-plant-cells-genomes-iitkgp/experiment/flower/simulation/js/main.js
   1:10  warning  'restartexp' is defined but never used       no-unused-vars
   6:10  warning  'selectflowersec' is defined but never used  no-unused-vars
  38:10  warning  'clickblade' is defined but never used       no-unused-vars
  67:10  warning  'forcepclick' is defined but never used      no-unused-vars
  77:10  warning  'pickforcepclick' is defined but never used  no-unused-vars
  98:10  warning  'clickglassslide' is defined but never used  no-unused-vars

/home/runner/work/exp-plant-cells-genomes-iitkgp/exp-plant-cells-genomes-iitkgp/experiment/flower/simulation/js/main1.js
    1:10  warning  'restartexp' is defined but never used                     no-unused-vars
    8:10  warning  'clickbladets' is defined but never used                   no-unused-vars
   43:10  warning  'bladejsclickcutsection' is defined but never used         no-unused-vars
   80:10  warning  'brushclick' is defined but never used                     no-unused-vars
   95:10  warning  'movebrushclick' is defined but never used                 no-unused-vars
  111:10  warning  'movebrushorgclick' is defined but never used              no-unused-vars
  126:10  warning  'movebrushwatercontclick' is defined but never used        no-unused-vars
  138:10  warning  'movetoglassslideclick' is defined but never used          no-unused-vars
  153:10  warning  'movetobrushorg2click' is defined but never used           no-unused-vars
  167:10  warning  'stainingdropperclick' is defined but never used           no-unused-vars
  174:10  warning  'staingclick' is defined but never used                    no-unused-vars
  186:10  warning  'droppermovetowaterbeakerclick' is defined but never used  no-unused-vars
  194:10  warning  'droppermovetoglasssliderclick' is defined but never used  no-unused-vars
  201:10  warning  'dropperdropwatergslideclick' is defined but never used    no-unused-vars
  212:10  warning  'coverslipclick' is defined but never used                 no-unused-vars
  220:10  warning  'clickglassslidets' is defined but never used              no-unused-vars

/home/runner/work/exp-plant-cells-genomes-iitkgp/exp-plant-cells-genomes-iitkgp/experiment/leaf/simulation/js/main.js
    1:10  warning  'restartexp' is defined but never used                no-unused-vars
    9:10  warning  'bladejsclick' is defined but never used              no-unused-vars
   71:10  warning  'placeincork' is defined but never used               no-unused-vars
   86:10  warning  'bladejscorkclick' is defined but never used          no-unused-vars
  177:10  warning  'brushclickmoveleaf' is defined but never used        no-unused-vars
  189:10  warning  'brushleafmovetopetridish' is defined but never used  no-unused-vars
  224:10  warning  'brushmovetopetridish' is defined but never used      no-unused-vars
  235:10  warning  'putinglassslide' is defined but never used           no-unused-vars
  250:10  warning  'brushmoveorgpos' is defined but never used           no-unused-vars
  259:10  warning  'dropperwater' is defined but never used              no-unused-vars
  266:10  warning  'droppermoveglassslide' is defined but never used     no-unused-vars
  279:10  warning  'dropwaterglassslide' is defined but never used       no-unused-vars
  310:10  warning  'coverslipcover' is defined but never used            no-unused-vars
  319:10  warning  'glasslidetomicroscope' is defined but never used     no-unused-vars

/home/runner/work/exp-plant-cells-genomes-iitkgp/exp-plant-cells-genomes-iitkgp/experiment/root/simulation/js/main.js
    1:10  warning  'restartexp' is defined but never used                 no-unused-vars
    6:5   warning  'imgtbdown' is assigned a value but never used         no-unused-vars
    8:10  warning  'bladejsclick' is defined but never used               no-unused-vars
   54:10  warning  'brushmovetoblade' is defined but never used           no-unused-vars
   65:10  warning  'brushmoveroottopdish' is defined but never used       no-unused-vars
   81:10  warning  'brushmovetoorg' is defined but never used             no-unused-vars
   92:10  warning  'brushmovetopdish' is defined but never used           no-unused-vars
  103:10  warning  'rootmovetoglassslide' is defined but never used       no-unused-vars
  116:10  warning  'brushmovetoorg1' is defined but never used            no-unused-vars
  125:10  warning  'clickdroppertomove' is defined but never used         no-unused-vars
  133:10  warning  'clicktodrop' is defined but never used                no-unused-vars
  143:10  warning  'dropperdradistwwater' is defined but never used       no-unused-vars
  151:10  warning  'distwaterdroponglassslide' is defined but never used  no-unused-vars
  160:10  warning  'distwaterdroponroot' is defined but never used        no-unused-vars
  171:10  warning  'dropperdrawwater' is defined but never used           no-unused-vars
  179:10  warning  'waterdroponglassslide' is defined but never used      no-unused-vars
  188:10  warning  'waterdroponroot' is defined but never used            no-unused-vars
  200:10  warning  'addcoverslip' is defined but never used               no-unused-vars
  207:10  warning  'clickglassslide' is defined but never used            no-unused-vars

/home/runner/work/exp-plant-cells-genomes-iitkgp/exp-plant-cells-genomes-iitkgp/experiment/stem/simulation/js/main.js
    1:10  warning  'restartexp' is defined but never used                     no-unused-vars
    6:5   warning  'imgtbdown' is assigned a value but never used             no-unused-vars
    7:5   warning  'imgtbdowncut' is assigned a value but never used          no-unused-vars
    9:10  warning  'bladejsclick' is defined but never used                   no-unused-vars
   44:10  warning  'forcepclick' is defined but never used                    no-unused-vars
   60:10  warning  'bladejscutsectionclick' is defined but never used         no-unused-vars
   91:10  warning  'pickforcepclick' is defined but never used                no-unused-vars
  107:10  warning  'brushclick' is defined but never used                     no-unused-vars
  118:10  warning  'brushclickforwater' is defined but never used             no-unused-vars
  131:10  warning  'brushclicktoorg' is defined but never used                no-unused-vars
  145:10  warning  'brushpickwaterstemclick' is defined but never used        no-unused-vars
  159:10  warning  'brushclicktoglassslide' is defined but never used         no-unused-vars
  172:10  warning  'brushclicktoorg1' is defined but never used               no-unused-vars
  191:10  warning  'droppermovesafgslideclick' is defined but never used      no-unused-vars
  199:10  warning  'dropperdropsafclick' is defined but never used            no-unused-vars
  210:10  warning  'droppermovedistbeakerclick' is defined but never used     no-unused-vars
  218:10  warning  'droppershowdistdropperclick' is defined but never used    no-unused-vars
  225:10  warning  'dropperdropdistgslideclick' is defined but never used     no-unused-vars
  241:10  warning  'droppermovefastgdropperclick' is defined but never used   no-unused-vars
  248:10  warning  'dropfastgreenclick' is defined but never used             no-unused-vars
  261:10  warning  'droppermovedistbeakerclick1' is defined but never used    no-unused-vars
  272:10  warning  'droppershowdistdropperclick1' is defined but never used   no-unused-vars
  279:10  warning  'dropperdropdistgslideclick1' is defined but never used    no-unused-vars
  298:10  warning  'droppermovetowaterbeakerclick' is defined but never used  no-unused-vars
  306:10  warning  'droppermovetoglasssliderclick' is defined but never used  no-unused-vars
  313:10  warning  'dropperdropwatergslideclick' is defined but never used    no-unused-vars
  325:10  warning  'coverslipclick' is defined but never used                 no-unused-vars
  332:10  warning  'clicktomovetomicroscope' is defined but never used        no-unused-vars

✖ 83 problems (0 errors, 83 warnings)

