contributors.html     http://outreach.vlabs.ac.in/
feedback.html     http://outreach.vlabs.ac.in/
index.html     http://outreach.vlabs.ac.in/
overview.html     http://outreach.vlabs.ac.in/
performance-report.html     http://vlab.co.in
pretest.html     http://outreach.vlabs.ac.in/
posttest.html     http://outreach.vlabs.ac.in/
references.html     http://outreach.vlabs.ac.in/
validator-report.html     http://vlab.co.in
flower/index.html     http://outreach.vlabs.ac.in/
flower/procedure.html     http://outreach.vlabs.ac.in/
flower/theory.html     http://outreach.vlabs.ac.in/
leaf/index.html     http://outreach.vlabs.ac.in/
leaf/procedure.html     http://outreach.vlabs.ac.in/
leaf/theory.html     http://outreach.vlabs.ac.in/
plantgenome/index.html     http://outreach.vlabs.ac.in/
plantgenome/procedure.html     http://outreach.vlabs.ac.in/
plantgenome/theory.html     http://outreach.vlabs.ac.in/
root/index.html     http://outreach.vlabs.ac.in/
root/procedure.html     http://outreach.vlabs.ac.in/
root/theory.html     http://outreach.vlabs.ac.in/
stem/index.html     http://outreach.vlabs.ac.in/
stem/procedure.html     http://outreach.vlabs.ac.in/
stem/theory.html     http://outreach.vlabs.ac.in/
